<?xml version="1.0" encoding="UTF-8"?>
<!-- Generated by org.testng.reporters.JUnitReportReporter -->
<testsuite hostname="DESKTOP-T1HO9OQ" failures="0" tests="2" name="E2EFrameworkSample.samplePOMProject.SearchTest" time="24.265" errors="0" timestamp="2020-07-29T20:04:43 CEST" skipped="0">
  <testcase classname="E2EFrameworkSample.samplePOMProject.SearchTest" name="unsuccessfullSearch" time="11.851"/>
  <system-out/>
  <testcase classname="E2EFrameworkSample.samplePOMProject.SearchTest" name="successfullSearch" time="12.414"/>
  <system-out/>
</testsuite> <!-- E2EFrameworkSample.samplePOMProject.SearchTest -->
