<?xml version="1.0" encoding="UTF-8"?>
<!-- Generated by org.testng.reporters.JUnitReportReporter -->
<testsuite hostname="DESKTOP-T1HO9OQ" failures="0" tests="1" name="E2EFrameworkSample.samplePOMProject.AppTest" time="0.003" errors="0" timestamp="2020-07-29T20:04:44 CEST" skipped="0">
  <testcase classname="E2EFrameworkSample.samplePOMProject.AppTest" name="shouldAnswerWithTrue" time="0.003"/>
  <system-out/>
</testsuite> <!-- E2EFrameworkSample.samplePOMProject.AppTest -->
