<?xml version="1.0" encoding="UTF-8"?>
<!-- Generated by org.testng.reporters.JUnitReportReporter -->
<testsuite hostname="DESKTOP-T1HO9OQ" failures="0" tests="1" name="E2EFrameworkSample.samplePOMProject.AddToCartRandomItemsTest" time="23.899" errors="0" timestamp="2020-08-04T13:41:50 CEST" skipped="0">
  <testcase classname="E2EFrameworkSample.samplePOMProject.AddToCartRandomItemsTest" name="addToCart" time="23.899"/>
  <system-out/>
</testsuite> <!-- E2EFrameworkSample.samplePOMProject.AddToCartRandomItemsTest -->
