<?xml version="1.0" encoding="UTF-8"?>
<!-- Generated by org.testng.reporters.JUnitReportReporter -->
<testsuite hostname="DESKTOP-T1HO9OQ" failures="0" tests="1" name="E2EFrameworkSample.samplePOMProject.SearchWithNoResultsTest" time="6.493" errors="0" timestamp="2020-07-30T14:50:11 CEST" skipped="0">
  <testcase classname="E2EFrameworkSample.samplePOMProject.SearchWithNoResultsTest" name="unsuccessfullSearch" time="6.493"/>
  <system-out/>
</testsuite> <!-- E2EFrameworkSample.samplePOMProject.SearchWithNoResultsTest -->
