<?xml version="1.0" encoding="UTF-8"?>
<!-- Generated by org.testng.reporters.JUnitReportReporter -->
<testsuite hostname="DESKTOP-T1HO9OQ" failures="0" tests="1" name="E2EFrameworkSample.samplePOMProject.HomePageTest" time="6.891" errors="0" timestamp="2020-07-29T18:11:16 CEST" skipped="0">
  <testcase classname="E2EFrameworkSample.samplePOMProject.HomePageTest" name="basePageNavigation" time="6.891"/>
  <system-out/>
</testsuite> <!-- E2EFrameworkSample.samplePOMProject.HomePageTest -->
