<?xml version="1.0" encoding="UTF-8"?>
<!-- Generated by org.testng.reporters.JUnitReportReporter -->
<testsuite hostname="DESKTOP-T1HO9OQ" failures="0" tests="1" name="E2EFrameworkSample.samplePOMProject.realeraTest" time="482.271" errors="0" timestamp="2020-08-12T15:29:12 CEST" skipped="0">
  <testcase classname="E2EFrameworkSample.samplePOMProject.realeraTest" name="displayExcelDataFromFirstColumn" time="482.271"/>
  <system-out/>
</testsuite> <!-- E2EFrameworkSample.samplePOMProject.realeraTest -->
