<?xml version="1.0" encoding="UTF-8"?>
<!-- Generated by org.testng.reporters.JUnitReportReporter -->
<testsuite hostname="DESKTOP-T1HO9OQ" failures="0" tests="2" name="E2EFrameworkSample.samplePOMProject.RestAssuredParametrizedTest" time="1.852" errors="0" timestamp="2020-08-06T21:08:40 CEST" skipped="0">
  <testcase classname="E2EFrameworkSample.samplePOMProject.RestAssuredParametrizedTest" name="examplePostUsingJsonSimpleLibrary" time="0.196"/>
  <system-out/>
  <testcase classname="E2EFrameworkSample.samplePOMProject.RestAssuredParametrizedTest" name="examplePostUsingJsonSimpleLibrary" time="1.656"/>
  <system-out/>
</testsuite> <!-- E2EFrameworkSample.samplePOMProject.RestAssuredParametrizedTest -->
