<?xml version="1.0" encoding="UTF-8"?>
<!-- Generated by org.testng.reporters.JUnitReportReporter -->
<testsuite hostname="DESKTOP-T1HO9OQ" failures="0" tests="2" name="E2EFrameworkSample.samplePOMProject.RestAssuredParametrizedTest" time="5.878" errors="0" timestamp="2020-08-05T23:24:17 CEST" skipped="0">
  <testcase classname="E2EFrameworkSample.samplePOMProject.RestAssuredParametrizedTest" name="examplePostUsingJsonSimpleLibrary" time="5.558"/>
  <system-out/>
  <testcase classname="E2EFrameworkSample.samplePOMProject.RestAssuredParametrizedTest" name="examplePostUsingJsonSimpleLibrary" time="0.320"/>
  <system-out/>
</testsuite> <!-- E2EFrameworkSample.samplePOMProject.RestAssuredParametrizedTest -->
