<?xml version="1.0" encoding="UTF-8"?>
<!-- Generated by org.testng.reporters.JUnitReportReporter -->
<testsuite hostname="DESKTOP-T1HO9OQ" failures="0" tests="1" name="E2EFrameworkSample.samplePOMProject.HomePageTitleTest" time="0.086" errors="0" timestamp="2020-08-06T21:05:57 CEST" skipped="0">
  <testcase classname="E2EFrameworkSample.samplePOMProject.HomePageTitleTest" name="getTitle" time="0.086"/>
  <system-out/>
</testsuite> <!-- E2EFrameworkSample.samplePOMProject.HomePageTitleTest -->
