<?xml version="1.0" encoding="UTF-8"?>
<!-- Generated by org.testng.reporters.JUnitReportReporter -->
<testsuite hostname="DESKTOP-T1HO9OQ" failures="0" tests="1" name="E2EFrameworkSample.samplePOMProject.RestAssuredTest" time="5.916" errors="0" timestamp="2020-08-05T01:01:55 CEST" skipped="0">
  <testcase classname="E2EFrameworkSample.samplePOMProject.RestAssuredTest" name="exampleDeleteRequest" time="5.916"/>
  <system-out/>
</testsuite> <!-- E2EFrameworkSample.samplePOMProject.RestAssuredTest -->
