<?xml version="1.0" encoding="UTF-8"?>
<!-- Generated by org.testng.reporters.JUnitReportReporter -->
<testsuite hostname="DESKTOP-T1HO9OQ" failures="0" tests="1" name="E2EFrameworkSample.samplePOMProject.Just4Fun" time="0.006" errors="0" timestamp="2020-08-23T18:33:51 CEST" skipped="0">
  <testcase classname="E2EFrameworkSample.samplePOMProject.Just4Fun" name="modulo" time="0.006"/>
  <system-out/>
</testsuite> <!-- E2EFrameworkSample.samplePOMProject.Just4Fun -->
