<?xml version="1.0" encoding="UTF-8"?>
<!-- Generated by org.testng.reporters.JUnitReportReporter -->
<testsuite hostname="DESKTOP-T1HO9OQ" failures="0" tests="2" name="E2EFrameworkSample.samplePOMProject.RestAssuredTest" time="7.943" errors="0" timestamp="2020-08-04T18:54:59 CEST" skipped="0">
  <testcase classname="E2EFrameworkSample.samplePOMProject.RestAssuredTest" name="anotherGet" time="7.750"/>
  <system-out/>
  <testcase classname="E2EFrameworkSample.samplePOMProject.RestAssuredTest" name="simpleGet" time="0.193"/>
  <system-out/>
</testsuite> <!-- E2EFrameworkSample.samplePOMProject.RestAssuredTest -->
