<?xml version="1.0" encoding="UTF-8"?>
<!-- Generated by org.testng.reporters.JUnitReportReporter -->
<testsuite hostname="DESKTOP-T1HO9OQ" failures="0" tests="1" name="E2EFrameworkSample.samplePOMProject.SearchWithNoResultsTest" time="1.845" errors="0" timestamp="2020-07-30T16:12:38 CEST" skipped="0">
  <testcase classname="E2EFrameworkSample.samplePOMProject.SearchWithNoResultsTest" name="unsuccessfullSearch" time="1.845"/>
  <system-out/>
</testsuite> <!-- E2EFrameworkSample.samplePOMProject.SearchWithNoResultsTest -->
