<?xml version="1.0" encoding="UTF-8"?>
<!-- Generated by org.testng.reporters.JUnitReportReporter -->
<testsuite hostname="DESKTOP-T1HO9OQ" failures="0" tests="1" name="E2EFrameworkSample.samplePOMProject.RestAssuredTest" time="2.630" errors="0" timestamp="2020-09-06T21:01:37 CEST" skipped="0">
  <testcase classname="E2EFrameworkSample.samplePOMProject.RestAssuredTest" name="simpleGet" time="2.630"/>
  <system-out/>
</testsuite> <!-- E2EFrameworkSample.samplePOMProject.RestAssuredTest -->
