<?xml version="1.0" encoding="UTF-8"?>
<!-- Generated by org.testng.reporters.JUnitReportReporter -->
<testsuite hostname="DESKTOP-T1HO9OQ" failures="0" tests="1" name="E2EFrameworkSample.samplePOMProject.AnyTest" time="0.031" errors="0" timestamp="2020-07-29T22:30:19 CEST" skipped="0">
  <testcase classname="E2EFrameworkSample.samplePOMProject.AnyTest" name="getTitle" time="0.031"/>
  <system-out/>
</testsuite> <!-- E2EFrameworkSample.samplePOMProject.AnyTest -->
