<?xml version="1.0" encoding="UTF-8"?>
<!-- Generated by org.testng.reporters.JUnitReportReporter -->
<testsuite hostname="DESKTOP-T1HO9OQ" failures="0" tests="2" name="E2EFrameworkSample.samplePOMProject.SearchTest" time="24.715" errors="0" timestamp="2020-07-30T02:28:53 CEST" skipped="0">
  <testcase classname="E2EFrameworkSample.samplePOMProject.SearchTest" name="unsuccessfullSearch" time="8.949"/>
  <system-out/>
  <testcase classname="E2EFrameworkSample.samplePOMProject.SearchTest" name="successfullSearch" time="15.766"/>
  <system-out/>
</testsuite> <!-- E2EFrameworkSample.samplePOMProject.SearchTest -->
