<?xml version="1.0" encoding="UTF-8"?>
<!-- Generated by org.testng.reporters.JUnitReportReporter -->
<testsuite hostname="DESKTOP-T1HO9OQ" failures="0" tests="1" name="E2EFrameworkSample.samplePOMProject.ExampleDataDrivenTest" time="0.565" errors="0" timestamp="2020-08-15T23:25:45 CEST" skipped="0">
  <testcase classname="E2EFrameworkSample.samplePOMProject.ExampleDataDrivenTest" name="displayAllDataFromExcell" time="0.565"/>
  <system-out/>
</testsuite> <!-- E2EFrameworkSample.samplePOMProject.ExampleDataDrivenTest -->
