<?xml version="1.0" encoding="UTF-8"?>
<!-- Generated by org.testng.reporters.JUnitReportReporter -->
<testsuite hostname="DESKTOP-T1HO9OQ" failures="0" tests="1" name="E2EFrameworkSample.samplePOMProject.LoginTest" time="7.081" errors="0" timestamp="2020-07-30T14:59:00 CEST" skipped="0">
  <testcase classname="E2EFrameworkSample.samplePOMProject.LoginTest" name="login" time="7.081"/>
  <system-out/>
</testsuite> <!-- E2EFrameworkSample.samplePOMProject.LoginTest -->
