<?xml version="1.0" encoding="UTF-8"?>
<!-- Generated by org.testng.reporters.JUnitReportReporter -->
<testsuite hostname="DESKTOP-T1HO9OQ" failures="0" tests="2" name="E2EFrameworkSample.samplePOMProject.SearchTest" time="26.120" errors="0" timestamp="2020-07-29T23:09:50 CEST" skipped="0">
  <testcase classname="E2EFrameworkSample.samplePOMProject.SearchTest" name="successfullSearch" time="13.371"/>
  <system-out/>
  <testcase classname="E2EFrameworkSample.samplePOMProject.SearchTest" name="unsuccessfullSearch" time="12.749"/>
  <system-out/>
</testsuite> <!-- E2EFrameworkSample.samplePOMProject.SearchTest -->
