<?xml version="1.0" encoding="UTF-8"?>
<!-- Generated by org.testng.reporters.JUnitReportReporter -->
<testsuite hostname="DESKTOP-T1HO9OQ" failures="0" tests="1" name="E2EFrameworkSample.samplePOMProject.AddToListTest" time="10.233" errors="0" timestamp="2020-07-30T14:59:00 CEST" skipped="0">
  <testcase classname="E2EFrameworkSample.samplePOMProject.AddToListTest" name="addToList" time="10.233"/>
  <system-out/>
</testsuite> <!-- E2EFrameworkSample.samplePOMProject.AddToListTest -->
