<?xml version="1.0" encoding="UTF-8"?>
<!-- Generated by org.testng.reporters.JUnitReportReporter -->
<testsuite hostname="DESKTOP-T1HO9OQ" failures="0" tests="4" name="E2EFrameworkSample.samplePOMProject.LoginTest" time="41.219" errors="0" timestamp="2020-08-07T20:08:48 CEST" skipped="0">
  <testcase classname="E2EFrameworkSample.samplePOMProject.LoginTest" name="login" time="11.495"/>
  <system-out/>
  <testcase classname="E2EFrameworkSample.samplePOMProject.LoginTest" name="login" time="16.191"/>
  <system-out/>
  <testcase classname="E2EFrameworkSample.samplePOMProject.LoginTest" name="login" time="8.399"/>
  <system-out/>
  <testcase classname="E2EFrameworkSample.samplePOMProject.LoginTest" name="login" time="5.134"/>
  <system-out/>
</testsuite> <!-- E2EFrameworkSample.samplePOMProject.LoginTest -->
