<?xml version="1.0" encoding="UTF-8"?>
<!-- Generated by org.testng.reporters.JUnitReportReporter -->
<testsuite hostname="DESKTOP-T1HO9OQ" failures="0" tests="1" name="E2EFrameworkSample.samplePOMProject.SearchWithResultsTest" time="12.355" errors="0" timestamp="2020-08-07T20:08:48 CEST" skipped="0">
  <testcase classname="E2EFrameworkSample.samplePOMProject.SearchWithResultsTest" name="successfullSearch" time="12.355"/>
  <system-out/>
</testsuite> <!-- E2EFrameworkSample.samplePOMProject.SearchWithResultsTest -->
