<?xml version="1.0" encoding="UTF-8"?>
<!-- Generated by org.testng.reporters.JUnitReportReporter -->
<testsuite hostname="DESKTOP-T1HO9OQ" failures="0" tests="1" name="E2EFrameworkSample.samplePOMProject.SearchWithResultsTest" time="10.430" errors="0" timestamp="2020-07-30T15:07:09 CEST" skipped="0">
  <testcase classname="E2EFrameworkSample.samplePOMProject.SearchWithResultsTest" name="successfullSearch" time="10.430"/>
  <system-out/>
</testsuite> <!-- E2EFrameworkSample.samplePOMProject.SearchWithResultsTest -->
